#
# A fatal error has been detected by the Java Runtime Environment:
#
#  SIGSEGV (0xb) at pc=0x000000010c0034d4, pid=79775, tid=10499
#
# JRE version: OpenJDK Runtime Environment (15.0.1+9) (build 15.0.1+9-18)
# Java VM: OpenJDK 64-Bit Server VM (15.0.1+9-18, mixed mode, tiered, compressed oops, g1 gc, bsd-amd64)
# Problematic frame:
# V  [libjvm.dylib+0x34d4]  AccessInternal::PostRuntimeDispatch<G1BarrierSet::AccessBarrier<548980ull, G1BarrierSet>, (AccessInternal::BarrierType)2, 548980ull>::oop_access_barrier(void*)+0x4
#
# No core dump will be written. Core dumps have been disabled. To enable core dumping, try "ulimit -c unlimited" before starting Java again
#
# If you would like to submit a bug report, please visit:
#   https://bugreport.java.com/bugreport/crash.jsp
#

---------------  S U M M A R Y ------------

Command Line: -Dfile.encoding=UTF-8 -XX:+ShowCodeDetailsInExceptionMessages org.apache.catalina.startup.Tomcat$1

Host: MacBookPro12,1 x86_64 2700 MHz, 4 cores, 8G, Darwin 20.3.0
Time: Wed Mar  3 01:05:21 2021 CST elapsed time: 0.367391 seconds (0d 0h 0m 0s)

---------------  T H R E A D  ---------------

Current thread (0x00007fd9b280c400):  JavaThread "main" [_thread_in_vm, id=10499, stack(0x0000700008d53000,0x0000700008e53000)]

Stack: [0x0000700008d53000,0x0000700008e53000],  sp=0x0000700008e52df0,  free space=1023k
Native frames: (J=compiled Java code, A=aot compiled Java code, j=interpreted, Vv=VM code, C=native code)
V  [libjvm.dylib+0x34d4]  AccessInternal::PostRuntimeDispatch<G1BarrierSet::AccessBarrier<548980ull, G1BarrierSet>, (AccessInternal::BarrierType)2, 548980ull>::oop_access_barrier(void*)+0x4
V  [libjvm.dylib+0x517621]  jni_GetStringUTFChars+0xd1
C  [libjli.dylib+0x79ed]  PostJVMInit+0xad
C  [libjli.dylib+0x4ed8]  JavaMain+0xbb8
C  [libjli.dylib+0x7659]  ThreadJavaMain+0x9
C  [libsystem_pthread.dylib+0x6950]  _pthread_start+0xe0
C  [libsystem_pthread.dylib+0x247b]  thread_start+0xf


siginfo: si_signo: 11 (SIGSEGV), si_code: 1 (SEGV_MAPERR), si_addr: 0x0000000000000000

Register to memory mapping:

RAX=0x00000001099fc000 points into unknown readable memory: 0x0000000000000000 | 00 00 00 00 00 00 00 00
RBX=0x00007fd9b280c728 points into unknown readable memory: 0x000000010cbcee70 | 70 ee bc 0c 01 00 00 00
RCX=0x000000010cbcee70: jni_NativeInterface+0 in /Users/mohammadalabdalla/Desktop/Eclipse.app/Contents/Eclipse/plugins/org.eclipse.justj.openjdk.hotspot.jre.full.macosx.x86_64_15.0.1.v20201027-0507/jre/lib/server/libjvm.dylib at 0x000000010c000000
RDX=0x0 is NULL
RSP=0x0000700008e52df0 is pointing into the stack for thread: 0x00007fd9b280c400
RBP=0x0000700008e52df0 is pointing into the stack for thread: 0x00007fd9b280c400
RSI=0x0 is NULL
RDI=0x0 is NULL
R8 ={method} {0x0000000115580de0} 'getCanonicalName' '()Ljava/lang/String;' in 'java/lang/Class'
R9 =0x00007fd9b2453a80 points into unknown readable memory: 0x0000000115580de0 | e0 0d 58 15 01 00 00 00
R10=0x000000010cc4d0c0: _ZN19TemplateInterpreter13_active_tableE+0x4800 in /Users/mohammadalabdalla/Desktop/Eclipse.app/Contents/Eclipse/plugins/org.eclipse.justj.openjdk.hotspot.jre.full.macosx.x86_64_15.0.1.v20201027-0507/jre/lib/server/libjvm.dylib at 0x000000010c000000
R11=0x0 is NULL
R12=0x00007fd9b280c400 is a thread
R13=0x0 is NULL
R14=0x0 is NULL
R15=0x0 is NULL


Registers:
RAX=0x00000001099fc000, RBX=0x00007fd9b280c728, RCX=0x000000010cbcee70, RDX=0x0000000000000000
RSP=0x0000700008e52df0, RBP=0x0000700008e52df0, RSI=0x0000000000000000, RDI=0x0000000000000000
R8 =0x0000000115580de0, R9 =0x00007fd9b2453a80, R10=0x000000010cc4d0c0, R11=0x0000000000000000
R12=0x00007fd9b280c400, R13=0x0000000000000000, R14=0x0000000000000000, R15=0x0000000000000000
RIP=0x000000010c0034d4, EFLAGS=0x0000000000010246, ERR=0x0000000000000004
  TRAPNO=0x000000000000000e

Top of Stack: (sp=0x0000700008e52df0)
0x0000700008e52df0:   0000700008e52e80 000000010c517621
0x0000700008e52e00:   00007fd9b280c400 0000000000000000
0x0000700008e52e10:   00000001099d0b92 00007fd9b280c400
0x0000700008e52e20:   6695a71801e50033 00007fd9b280c728
0x0000700008e52e30:   00007fd9b280c400 0000000000000000
0x0000700008e52e40:   00007fd9b280c728 00007fd9b280c400
0x0000700008e52e50:   0000700008e52e80 00007fd9b280c728
0x0000700008e52e60:   00007fd9b24092c8 0000000000000000
0x0000700008e52e70:   0000000000000000 00007fd9b24092c0
0x0000700008e52e80:   0000700008e52f10 00000001099cc9ed
0x0000700008e52e90:   00007fd9b280c728 00007fd9b280c400
0x0000700008e52ea0:   0000700008e52ed0 000000010c503c37
0x0000700008e52eb0:   6695a71801e50033 00007fd9b24092a8
0x0000700008e52ec0:   00007fd9b24092c8 0000000000000000
0x0000700008e52ed0:   00007fd9b280c728 00007fd9b280c400
0x0000700008e52ee0:   0000700008e52f10 6695a71801e50033
0x0000700008e52ef0:   00007fd9b24092a8 00007fd9b24092c8
0x0000700008e52f00:   00007fd9b24092d8 00007fd9b24092c0
0x0000700008e52f10:   0000700008e52fa0 00000001099c9ed8
0x0000700008e52f20:   0000000000000000 0005bc9c796abb5d
0x0000700008e52f30:   0000000500010002 00007fd9b2605c90
0x0000700008e52f40:   0000000000000000 0000000000000000
0x0000700008e52f50:   00007fd9b250e890 0000000000000001
0x0000700008e52f60:   00007fd9b250e830 00007fd9b280c728
0x0000700008e52f70:   000000010cbcee68 0000700008e53000
0x0000700008e52f80:   0000000000000000 0000000000000000
0x0000700008e52f90:   0000000000000000 0000000000000000
0x0000700008e52fa0:   0000700008e52fb0 00000001099cc659
0x0000700008e52fb0:   0000700008e52fd0 00007fff20644950
0x0000700008e52fc0:   0000000000000000 0000000000000000
0x0000700008e52fd0:   0000700008e52ff0 00007fff2064047b
0x0000700008e52fe0:   0000000000000000 0000000000000000 

Instructions: (pc=0x000000010c0034d4)
0x000000010c0033d4:   ff 0b 73 0e 48 63 c7 48 8d 0d ae 9c ae 00 8b 04
0x000000010c0033e4:   81 c3 55 48 89 e5 48 8d 3d 63 b2 a6 00 be 9c 00
0x000000010c0033f4:   00 00 e8 85 bf 2f 00 e8 90 59 82 00 31 c0 5d c3
0x000000010c003404:   66 66 66 2e 0f 1f 84 00 00 00 00 00 55 48 89 e5
0x000000010c003414:   48 8b 47 08 0f b7 48 32 0f b7 40 30 8d 44 01 19
0x000000010c003424:   5d c3 66 2e 0f 1f 84 00 00 00 00 00 55 48 89 e5
0x000000010c003434:   53 50 48 89 fb 48 8d 0d f8 ba c2 00 48 8d 05 d9
0x000000010c003444:   01 c0 00 48 8b 00 8b 40 10 ff c8 80 39 00 74 10
0x000000010c003454:   83 f8 04 73 1f 48 98 48 8d 0d 7e 44 b2 00 eb 0e
0x000000010c003464:   83 f8 04 73 0f 48 98 48 8d 0d 8e 44 b2 00 48 8b
0x000000010c003474:   04 c1 eb 21 48 8d 3d 0c b2 a6 00 48 8d 15 35 b2
0x000000010c003484:   a6 00 be e8 00 00 00 31 c0 e8 ee bc 2f 00 e8 f9
0x000000010c003494:   58 82 00 31 c0 48 89 05 90 81 bc 00 48 89 df 48
0x000000010c0034a4:   83 c4 08 5b 5d ff e0 0f 1f 44 00 00 55 48 89 e5
0x000000010c0034b4:   48 8b 07 5d c3 0f 1f 80 00 00 00 00 55 48 89 e5
0x000000010c0034c4:   48 8b 07 5d c3 0f 1f 80 00 00 00 00 55 48 89 e5
0x000000010c0034d4:   48 8b 07 5d c3 0f 1f 80 00 00 00 00 55 48 89 e5
0x000000010c0034e4:   41 57 41 56 53 50 49 89 fe 49 8b 1e 4c 8d 3d 41
0x000000010c0034f4:   d7 c5 00 49 85 1f 74 3c 48 89 df e8 dc 4f a3 00
0x000000010c003504:   48 89 c1 48 85 c9 74 29 48 89 d8 f0 49 0f b1 0e
0x000000010c003514:   48 89 c2 48 39 da 74 19 0f 1f 40 00 49 85 17 74
0x000000010c003524:   10 48 89 d0 f0 49 0f b1 0e 48 39 d0 48 89 c2 75
0x000000010c003534:   eb 48 89 cb 48 89 d8 48 83 c4 08 5b 41 5e 41 5f
0x000000010c003544:   5d c3 66 2e 0f 1f 84 00 00 00 00 00 55 48 89 e5
0x000000010c003554:   48 8b 07 5d c3 0f 1f 80 00 00 00 00 55 48 89 e5
0x000000010c003564:   48 8b 07 5d c3 0f 1f 80 00 00 00 00 55 48 89 e5
0x000000010c003574:   48 8b 07 5d c3 0f 1f 80 00 00 00 00 55 48 89 e5
0x000000010c003584:   41 57 41 56 53 50 49 89 fe 49 8b 1e 4c 8d 3d a1
0x000000010c003594:   d6 c5 00 49 85 1f 74 3c 48 89 df e8 3c 4f a3 00
0x000000010c0035a4:   48 89 c1 48 85 c9 74 29 48 89 d8 f0 49 0f b1 0e
0x000000010c0035b4:   48 89 c2 48 39 da 74 19 0f 1f 40 00 49 85 17 74
0x000000010c0035c4:   10 48 89 d0 f0 49 0f b1 0e 48 39 d0 48 89 c2 75 


Stack slot to memory mapping:
stack at sp + 0 slots: 0x0000700008e52e80 is pointing into the stack for thread: 0x00007fd9b280c400
stack at sp + 1 slots: 0x000000010c517621: jni_GetStringUTFChars+0xd1 in /Users/mohammadalabdalla/Desktop/Eclipse.app/Contents/Eclipse/plugins/org.eclipse.justj.openjdk.hotspot.jre.full.macosx.x86_64_15.0.1.v20201027-0507/jre/lib/server/libjvm.dylib at 0x000000010c000000
stack at sp + 2 slots: 0x00007fd9b280c400 is a thread
stack at sp + 3 slots: 0x0 is NULL
stack at sp + 4 slots: 0x00000001099d0b92: JLI_WildcardExpandClasspath+0x2282 in /Users/mohammadalabdalla/Desktop/Eclipse.app/Contents/Eclipse/plugins/org.eclipse.justj.openjdk.hotspot.jre.full.macosx.x86_64_15.0.1.v20201027-0507/jre/lib/libjli.dylib at 0x00000001099c5000
stack at sp + 5 slots: 0x00007fd9b280c400 is a thread
stack at sp + 6 slots: 0x6695a71801e50033 is an unknown value
stack at sp + 7 slots: 0x00007fd9b280c728 points into unknown readable memory: 0x000000010cbcee70 | 70 ee bc 0c 01 00 00 00


---------------  P R O C E S S  ---------------

Threads class SMR info:
_java_thread_list=0x00007fd9b264de00, length=10, elements={
0x00007fd9b280c400, 0x00007fd9b2839600, 0x00007fd9b3010400, 0x00007fd9b3043400,
0x00007fd9b3043a00, 0x00007fd9b3852400, 0x00007fd9b3852a00, 0x00007fd9b400d400,
0x00007fd9b400da00, 0x00007fd9b3044000
}

Java Threads: ( => current thread )
=>0x00007fd9b280c400 JavaThread "main" [_thread_in_vm, id=10499, stack(0x0000700008d53000,0x0000700008e53000)]
  0x00007fd9b2839600 JavaThread "Reference Handler" daemon [_thread_blocked, id=16899, stack(0x0000700009468000,0x0000700009568000)]
  0x00007fd9b3010400 JavaThread "Finalizer" daemon [_thread_blocked, id=14595, stack(0x000070000956b000,0x000070000966b000)]
  0x00007fd9b3043400 JavaThread "Signal Dispatcher" daemon [_thread_blocked, id=43011, stack(0x00007000097f7000,0x00007000098f7000)]
  0x00007fd9b3043a00 JavaThread "Service Thread" daemon [_thread_blocked, id=42243, stack(0x00007000098fa000,0x00007000099fa000)]
  0x00007fd9b3852400 JavaThread "C2 CompilerThread0" daemon [_thread_blocked, id=41731, stack(0x00007000099fd000,0x0000700009afd000)]
  0x00007fd9b3852a00 JavaThread "C1 CompilerThread0" daemon [_thread_blocked, id=24323, stack(0x0000700009b00000,0x0000700009c00000)]
  0x00007fd9b400d400 JavaThread "Sweeper thread" daemon [_thread_blocked, id=24835, stack(0x0000700009c03000,0x0000700009d03000)]
  0x00007fd9b400da00 JavaThread "Notification Thread" daemon [_thread_blocked, id=40195, stack(0x0000700009d06000,0x0000700009e06000)]
  0x00007fd9b3044000 JavaThread "Common-Cleaner" daemon [_thread_blocked, id=26115, stack(0x0000700009f0c000,0x000070000a00c000)]

Other Threads:
  0x00007fd9b252c990 VMThread "VM Thread" [stack: 0x0000700009365000,0x0000700009465000] [id=17667]
  0x00007fd9b2445ed0 WatcherThread [stack: 0x0000700009e09000,0x0000700009f09000] [id=39683]
  0x00007fd9b270d770 GCTaskThread "GC Thread#0" [stack: 0x0000700008e56000,0x0000700008f56000] [id=12547]
  0x00007fd9b240b730 ConcurrentGCThread "G1 Main Marker" [stack: 0x0000700008f59000,0x0000700009059000] [id=12803]
  0x00007fd9b2516de0 ConcurrentGCThread "G1 Conc#0" [stack: 0x000070000905c000,0x000070000915c000] [id=18691]
  0x00007fd9b2618b80 ConcurrentGCThread "G1 Refine#0" [stack: 0x000070000915f000,0x000070000925f000] [id=18179]
  0x00007fd9b2619d10 ConcurrentGCThread "G1 Young RemSet Sampling" [stack: 0x0000700009262000,0x0000700009362000] [id=13315]

Threads with active compile tasks:

VM state: not at safepoint (normal execution)

VM Mutex/Monitor currently owned by a thread: None

Heap address: 0x0000000780000000, size: 2048 MB, Compressed Oops mode: Zero based, Oop shift amount: 3
CDS disabled.
Compressed class space mapped at: 0x0000000800000000-0x0000000840000000, size: 1073741824
Narrow klass base: 0x0000000800000000, Narrow klass shift: 0, Narrow klass range: 0x40000000

GC Precious Log:
 CPUs: 4 total, 4 available
 Memory: 8192M
 Large Page Support: Disabled
 NUMA Support: Disabled
 Compressed Oops: Enabled (Zero based)
 Heap Region Size: 1M
 Heap Min Capacity: 8M
 Heap Initial Capacity: 128M
 Heap Max Capacity: 2G
 Pre-touch: Disabled
 Parallel Workers: 4
 Concurrent Workers: 1
 Concurrent Refinement Workers: 4
 Periodic GC: Disabled

Heap:
 garbage-first heap   total 131072K, used 2048K [0x0000000780000000, 0x0000000800000000)
  region size 1024K, 3 young (3072K), 0 survivors (0K)
 Metaspace       used 5821K, capacity 5964K, committed 6144K, reserved 1056768K
  class space    used 477K, capacity 500K, committed 512K, reserved 1048576K

Heap Regions: E=young(eden), S=young(survivor), O=old, HS=humongous(starts), HC=humongous(continues), CS=collection set, F=free, OA=open archive, CA=closed archive, TAMS=top-at-mark-start (previous, next)
|   0|0x0000000780000000, 0x0000000780000000, 0x0000000780100000|  0%| F|  |TAMS 0x0000000780000000, 0x0000000780000000| Untracked 
|   1|0x0000000780100000, 0x0000000780100000, 0x0000000780200000|  0%| F|  |TAMS 0x0000000780100000, 0x0000000780100000| Untracked 
|   2|0x0000000780200000, 0x0000000780200000, 0x0000000780300000|  0%| F|  |TAMS 0x0000000780200000, 0x0000000780200000| Untracked 
|   3|0x0000000780300000, 0x0000000780300000, 0x0000000780400000|  0%| F|  |TAMS 0x0000000780300000, 0x0000000780300000| Untracked 
|   4|0x0000000780400000, 0x0000000780400000, 0x0000000780500000|  0%| F|  |TAMS 0x0000000780400000, 0x0000000780400000| Untracked 
|   5|0x0000000780500000, 0x0000000780500000, 0x0000000780600000|  0%| F|  |TAMS 0x0000000780500000, 0x0000000780500000| Untracked 
|   6|0x0000000780600000, 0x0000000780600000, 0x0000000780700000|  0%| F|  |TAMS 0x0000000780600000, 0x0000000780600000| Untracked 
|   7|0x0000000780700000, 0x0000000780700000, 0x0000000780800000|  0%| F|  |TAMS 0x0000000780700000, 0x0000000780700000| Untracked 
|   8|0x0000000780800000, 0x0000000780800000, 0x0000000780900000|  0%| F|  |TAMS 0x0000000780800000, 0x0000000780800000| Untracked 
|   9|0x0000000780900000, 0x0000000780900000, 0x0000000780a00000|  0%| F|  |TAMS 0x0000000780900000, 0x0000000780900000| Untracked 
|  10|0x0000000780a00000, 0x0000000780a00000, 0x0000000780b00000|  0%| F|  |TAMS 0x0000000780a00000, 0x0000000780a00000| Untracked 
|  11|0x0000000780b00000, 0x0000000780b00000, 0x0000000780c00000|  0%| F|  |TAMS 0x0000000780b00000, 0x0000000780b00000| Untracked 
|  12|0x0000000780c00000, 0x0000000780c00000, 0x0000000780d00000|  0%| F|  |TAMS 0x0000000780c00000, 0x0000000780c00000| Untracked 
|  13|0x0000000780d00000, 0x0000000780d00000, 0x0000000780e00000|  0%| F|  |TAMS 0x0000000780d00000, 0x0000000780d00000| Untracked 
|  14|0x0000000780e00000, 0x0000000780e00000, 0x0000000780f00000|  0%| F|  |TAMS 0x0000000780e00000, 0x0000000780e00000| Untracked 
|  15|0x0000000780f00000, 0x0000000780f00000, 0x0000000781000000|  0%| F|  |TAMS 0x0000000780f00000, 0x0000000780f00000| Untracked 
|  16|0x0000000781000000, 0x0000000781000000, 0x0000000781100000|  0%| F|  |TAMS 0x0000000781000000, 0x0000000781000000| Untracked 
|  17|0x0000000781100000, 0x0000000781100000, 0x0000000781200000|  0%| F|  |TAMS 0x0000000781100000, 0x0000000781100000| Untracked 
|  18|0x0000000781200000, 0x0000000781200000, 0x0000000781300000|  0%| F|  |TAMS 0x0000000781200000, 0x0000000781200000| Untracked 
|  19|0x0000000781300000, 0x0000000781300000, 0x0000000781400000|  0%| F|  |TAMS 0x0000000781300000, 0x0000000781300000| Untracked 
|  20|0x0000000781400000, 0x0000000781400000, 0x0000000781500000|  0%| F|  |TAMS 0x0000000781400000, 0x0000000781400000| Untracked 
|  21|0x0000000781500000, 0x0000000781500000, 0x0000000781600000|  0%| F|  |TAMS 0x0000000781500000, 0x0000000781500000| Untracked 
|  22|0x0000000781600000, 0x0000000781600000, 0x0000000781700000|  0%| F|  |TAMS 0x0000000781600000, 0x0000000781600000| Untracked 
|  23|0x0000000781700000, 0x0000000781700000, 0x0000000781800000|  0%| F|  |TAMS 0x0000000781700000, 0x0000000781700000| Untracked 
|  24|0x0000000781800000, 0x0000000781800000, 0x0000000781900000|  0%| F|  |TAMS 0x0000000781800000, 0x0000000781800000| Untracked 
|  25|0x0000000781900000, 0x0000000781900000, 0x0000000781a00000|  0%| F|  |TAMS 0x0000000781900000, 0x0000000781900000| Untracked 
|  26|0x0000000781a00000, 0x0000000781a00000, 0x0000000781b00000|  0%| F|  |TAMS 0x0000000781a00000, 0x0000000781a00000| Untracked 
|  27|0x0000000781b00000, 0x0000000781b00000, 0x0000000781c00000|  0%| F|  |TAMS 0x0000000781b00000, 0x0000000781b00000| Untracked 
|  28|0x0000000781c00000, 0x0000000781c00000, 0x0000000781d00000|  0%| F|  |TAMS 0x0000000781c00000, 0x0000000781c00000| Untracked 
|  29|0x0000000781d00000, 0x0000000781d00000, 0x0000000781e00000|  0%| F|  |TAMS 0x0000000781d00000, 0x0000000781d00000| Untracked 
|  30|0x0000000781e00000, 0x0000000781e00000, 0x0000000781f00000|  0%| F|  |TAMS 0x0000000781e00000, 0x0000000781e00000| Untracked 
|  31|0x0000000781f00000, 0x0000000781f00000, 0x0000000782000000|  0%| F|  |TAMS 0x0000000781f00000, 0x0000000781f00000| Untracked 
|  32|0x0000000782000000, 0x0000000782000000, 0x0000000782100000|  0%| F|  |TAMS 0x0000000782000000, 0x0000000782000000| Untracked 
|  33|0x0000000782100000, 0x0000000782100000, 0x0000000782200000|  0%| F|  |TAMS 0x0000000782100000, 0x0000000782100000| Untracked 
|  34|0x0000000782200000, 0x0000000782200000, 0x0000000782300000|  0%| F|  |TAMS 0x0000000782200000, 0x0000000782200000| Untracked 
|  35|0x0000000782300000, 0x0000000782300000, 0x0000000782400000|  0%| F|  |TAMS 0x0000000782300000, 0x0000000782300000| Untracked 
|  36|0x0000000782400000, 0x0000000782400000, 0x0000000782500000|  0%| F|  |TAMS 0x0000000782400000, 0x0000000782400000| Untracked 
|  37|0x0000000782500000, 0x0000000782500000, 0x0000000782600000|  0%| F|  |TAMS 0x0000000782500000, 0x0000000782500000| Untracked 
|  38|0x0000000782600000, 0x0000000782600000, 0x0000000782700000|  0%| F|  |TAMS 0x0000000782600000, 0x0000000782600000| Untracked 
|  39|0x0000000782700000, 0x0000000782700000, 0x0000000782800000|  0%| F|  |TAMS 0x0000000782700000, 0x0000000782700000| Untracked 
|  40|0x0000000782800000, 0x0000000782800000, 0x0000000782900000|  0%| F|  |TAMS 0x0000000782800000, 0x0000000782800000| Untracked 
|  41|0x0000000782900000, 0x0000000782900000, 0x0000000782a00000|  0%| F|  |TAMS 0x0000000782900000, 0x0000000782900000| Untracked 
|  42|0x0000000782a00000, 0x0000000782a00000, 0x0000000782b00000|  0%| F|  |TAMS 0x0000000782a00000, 0x0000000782a00000| Untracked 
|  43|0x0000000782b00000, 0x0000000782b00000, 0x0000000782c00000|  0%| F|  |TAMS 0x0000000782b00000, 0x0000000782b00000| Untracked 
|  44|0x0000000782c00000, 0x0000000782c00000, 0x0000000782d00000|  0%| F|  |TAMS 0x0000000782c00000, 0x0000000782c00000| Untracked 
|  45|0x0000000782d00000, 0x0000000782d00000, 0x0000000782e00000|  0%| F|  |TAMS 0x0000000782d00000, 0x0000000782d00000| Untracked 
|  46|0x0000000782e00000, 0x0000000782e00000, 0x0000000782f00000|  0%| F|  |TAMS 0x0000000782e00000, 0x0000000782e00000| Untracked 
|  47|0x0000000782f00000, 0x0000000782f00000, 0x0000000783000000|  0%| F|  |TAMS 0x0000000782f00000, 0x0000000782f00000| Untracked 
|  48|0x0000000783000000, 0x0000000783000000, 0x0000000783100000|  0%| F|  |TAMS 0x0000000783000000, 0x0000000783000000| Untracked 
|  49|0x0000000783100000, 0x0000000783100000, 0x0000000783200000|  0%| F|  |TAMS 0x0000000783100000, 0x0000000783100000| Untracked 
|  50|0x0000000783200000, 0x0000000783200000, 0x0000000783300000|  0%| F|  |TAMS 0x0000000783200000, 0x0000000783200000| Untracked 
|  51|0x0000000783300000, 0x0000000783300000, 0x0000000783400000|  0%| F|  |TAMS 0x0000000783300000, 0x0000000783300000| Untracked 
|  52|0x0000000783400000, 0x0000000783400000, 0x0000000783500000|  0%| F|  |TAMS 0x0000000783400000, 0x0000000783400000| Untracked 
|  53|0x0000000783500000, 0x0000000783500000, 0x0000000783600000|  0%| F|  |TAMS 0x0000000783500000, 0x0000000783500000| Untracked 
|  54|0x0000000783600000, 0x0000000783600000, 0x0000000783700000|  0%| F|  |TAMS 0x0000000783600000, 0x0000000783600000| Untracked 
|  55|0x0000000783700000, 0x0000000783700000, 0x0000000783800000|  0%| F|  |TAMS 0x0000000783700000, 0x0000000783700000| Untracked 
|  56|0x0000000783800000, 0x0000000783800000, 0x0000000783900000|  0%| F|  |TAMS 0x0000000783800000, 0x0000000783800000| Untracked 
|  57|0x0000000783900000, 0x0000000783900000, 0x0000000783a00000|  0%| F|  |TAMS 0x0000000783900000, 0x0000000783900000| Untracked 
|  58|0x0000000783a00000, 0x0000000783a00000, 0x0000000783b00000|  0%| F|  |TAMS 0x0000000783a00000, 0x0000000783a00000| Untracked 
|  59|0x0000000783b00000, 0x0000000783b00000, 0x0000000783c00000|  0%| F|  |TAMS 0x0000000783b00000, 0x0000000783b00000| Untracked 
|  60|0x0000000783c00000, 0x0000000783c00000, 0x0000000783d00000|  0%| F|  |TAMS 0x0000000783c00000, 0x0000000783c00000| Untracked 
|  61|0x0000000783d00000, 0x0000000783d00000, 0x0000000783e00000|  0%| F|  |TAMS 0x0000000783d00000, 0x0000000783d00000| Untracked 
|  62|0x0000000783e00000, 0x0000000783e00000, 0x0000000783f00000|  0%| F|  |TAMS 0x0000000783e00000, 0x0000000783e00000| Untracked 
|  63|0x0000000783f00000, 0x0000000783f00000, 0x0000000784000000|  0%| F|  |TAMS 0x0000000783f00000, 0x0000000783f00000| Untracked 
|  64|0x0000000784000000, 0x0000000784000000, 0x0000000784100000|  0%| F|  |TAMS 0x0000000784000000, 0x0000000784000000| Untracked 
|  65|0x0000000784100000, 0x0000000784100000, 0x0000000784200000|  0%| F|  |TAMS 0x0000000784100000, 0x0000000784100000| Untracked 
|  66|0x0000000784200000, 0x0000000784200000, 0x0000000784300000|  0%| F|  |TAMS 0x0000000784200000, 0x0000000784200000| Untracked 
|  67|0x0000000784300000, 0x0000000784300000, 0x0000000784400000|  0%| F|  |TAMS 0x0000000784300000, 0x0000000784300000| Untracked 
|  68|0x0000000784400000, 0x0000000784400000, 0x0000000784500000|  0%| F|  |TAMS 0x0000000784400000, 0x0000000784400000| Untracked 
|  69|0x0000000784500000, 0x0000000784500000, 0x0000000784600000|  0%| F|  |TAMS 0x0000000784500000, 0x0000000784500000| Untracked 
|  70|0x0000000784600000, 0x0000000784600000, 0x0000000784700000|  0%| F|  |TAMS 0x0000000784600000, 0x0000000784600000| Untracked 
|  71|0x0000000784700000, 0x0000000784700000, 0x0000000784800000|  0%| F|  |TAMS 0x0000000784700000, 0x0000000784700000| Untracked 
|  72|0x0000000784800000, 0x0000000784800000, 0x0000000784900000|  0%| F|  |TAMS 0x0000000784800000, 0x0000000784800000| Untracked 
|  73|0x0000000784900000, 0x0000000784900000, 0x0000000784a00000|  0%| F|  |TAMS 0x0000000784900000, 0x0000000784900000| Untracked 
|  74|0x0000000784a00000, 0x0000000784a00000, 0x0000000784b00000|  0%| F|  |TAMS 0x0000000784a00000, 0x0000000784a00000| Untracked 
|  75|0x0000000784b00000, 0x0000000784b00000, 0x0000000784c00000|  0%| F|  |TAMS 0x0000000784b00000, 0x0000000784b00000| Untracked 
|  76|0x0000000784c00000, 0x0000000784c00000, 0x0000000784d00000|  0%| F|  |TAMS 0x0000000784c00000, 0x0000000784c00000| Untracked 
|  77|0x0000000784d00000, 0x0000000784d00000, 0x0000000784e00000|  0%| F|  |TAMS 0x0000000784d00000, 0x0000000784d00000| Untracked 
|  78|0x0000000784e00000, 0x0000000784e00000, 0x0000000784f00000|  0%| F|  |TAMS 0x0000000784e00000, 0x0000000784e00000| Untracked 
|  79|0x0000000784f00000, 0x0000000784f00000, 0x0000000785000000|  0%| F|  |TAMS 0x0000000784f00000, 0x0000000784f00000| Untracked 
|  80|0x0000000785000000, 0x0000000785000000, 0x0000000785100000|  0%| F|  |TAMS 0x0000000785000000, 0x0000000785000000| Untracked 
|  81|0x0000000785100000, 0x0000000785100000, 0x0000000785200000|  0%| F|  |TAMS 0x0000000785100000, 0x0000000785100000| Untracked 
|  82|0x0000000785200000, 0x0000000785200000, 0x0000000785300000|  0%| F|  |TAMS 0x0000000785200000, 0x0000000785200000| Untracked 
|  83|0x0000000785300000, 0x0000000785300000, 0x0000000785400000|  0%| F|  |TAMS 0x0000000785300000, 0x0000000785300000| Untracked 
|  84|0x0000000785400000, 0x0000000785400000, 0x0000000785500000|  0%| F|  |TAMS 0x0000000785400000, 0x0000000785400000| Untracked 
|  85|0x0000000785500000, 0x0000000785500000, 0x0000000785600000|  0%| F|  |TAMS 0x0000000785500000, 0x0000000785500000| Untracked 
|  86|0x0000000785600000, 0x0000000785600000, 0x0000000785700000|  0%| F|  |TAMS 0x0000000785600000, 0x0000000785600000| Untracked 
|  87|0x0000000785700000, 0x0000000785700000, 0x0000000785800000|  0%| F|  |TAMS 0x0000000785700000, 0x0000000785700000| Untracked 
|  88|0x0000000785800000, 0x0000000785800000, 0x0000000785900000|  0%| F|  |TAMS 0x0000000785800000, 0x0000000785800000| Untracked 
|  89|0x0000000785900000, 0x0000000785900000, 0x0000000785a00000|  0%| F|  |TAMS 0x0000000785900000, 0x0000000785900000| Untracked 
|  90|0x0000000785a00000, 0x0000000785a00000, 0x0000000785b00000|  0%| F|  |TAMS 0x0000000785a00000, 0x0000000785a00000| Untracked 
|  91|0x0000000785b00000, 0x0000000785b00000, 0x0000000785c00000|  0%| F|  |TAMS 0x0000000785b00000, 0x0000000785b00000| Untracked 
|  92|0x0000000785c00000, 0x0000000785c00000, 0x0000000785d00000|  0%| F|  |TAMS 0x0000000785c00000, 0x0000000785c00000| Untracked 
|  93|0x0000000785d00000, 0x0000000785d00000, 0x0000000785e00000|  0%| F|  |TAMS 0x0000000785d00000, 0x0000000785d00000| Untracked 
|  94|0x0000000785e00000, 0x0000000785e00000, 0x0000000785f00000|  0%| F|  |TAMS 0x0000000785e00000, 0x0000000785e00000| Untracked 
|  95|0x0000000785f00000, 0x0000000785f00000, 0x0000000786000000|  0%| F|  |TAMS 0x0000000785f00000, 0x0000000785f00000| Untracked 
|  96|0x0000000786000000, 0x0000000786000000, 0x0000000786100000|  0%| F|  |TAMS 0x0000000786000000, 0x0000000786000000| Untracked 
|  97|0x0000000786100000, 0x0000000786100000, 0x0000000786200000|  0%| F|  |TAMS 0x0000000786100000, 0x0000000786100000| Untracked 
|  98|0x0000000786200000, 0x0000000786200000, 0x0000000786300000|  0%| F|  |TAMS 0x0000000786200000, 0x0000000786200000| Untracked 
|  99|0x0000000786300000, 0x0000000786300000, 0x0000000786400000|  0%| F|  |TAMS 0x0000000786300000, 0x0000000786300000| Untracked 
| 100|0x0000000786400000, 0x0000000786400000, 0x0000000786500000|  0%| F|  |TAMS 0x0000000786400000, 0x0000000786400000| Untracked 
| 101|0x0000000786500000, 0x0000000786500000, 0x0000000786600000|  0%| F|  |TAMS 0x0000000786500000, 0x0000000786500000| Untracked 
| 102|0x0000000786600000, 0x0000000786600000, 0x0000000786700000|  0%| F|  |TAMS 0x0000000786600000, 0x0000000786600000| Untracked 
| 103|0x0000000786700000, 0x0000000786700000, 0x0000000786800000|  0%| F|  |TAMS 0x0000000786700000, 0x0000000786700000| Untracked 
| 104|0x0000000786800000, 0x0000000786800000, 0x0000000786900000|  0%| F|  |TAMS 0x0000000786800000, 0x0000000786800000| Untracked 
| 105|0x0000000786900000, 0x0000000786900000, 0x0000000786a00000|  0%| F|  |TAMS 0x0000000786900000, 0x0000000786900000| Untracked 
| 106|0x0000000786a00000, 0x0000000786a00000, 0x0000000786b00000|  0%| F|  |TAMS 0x0000000786a00000, 0x0000000786a00000| Untracked 
| 107|0x0000000786b00000, 0x0000000786b00000, 0x0000000786c00000|  0%| F|  |TAMS 0x0000000786b00000, 0x0000000786b00000| Untracked 
| 108|0x0000000786c00000, 0x0000000786c00000, 0x0000000786d00000|  0%| F|  |TAMS 0x0000000786c00000, 0x0000000786c00000| Untracked 
| 109|0x0000000786d00000, 0x0000000786d00000, 0x0000000786e00000|  0%| F|  |TAMS 0x0000000786d00000, 0x0000000786d00000| Untracked 
| 110|0x0000000786e00000, 0x0000000786e00000, 0x0000000786f00000|  0%| F|  |TAMS 0x0000000786e00000, 0x0000000786e00000| Untracked 
| 111|0x0000000786f00000, 0x0000000786f00000, 0x0000000787000000|  0%| F|  |TAMS 0x0000000786f00000, 0x0000000786f00000| Untracked 
| 112|0x0000000787000000, 0x0000000787000000, 0x0000000787100000|  0%| F|  |TAMS 0x0000000787000000, 0x0000000787000000| Untracked 
| 113|0x0000000787100000, 0x0000000787100000, 0x0000000787200000|  0%| F|  |TAMS 0x0000000787100000, 0x0000000787100000| Untracked 
| 114|0x0000000787200000, 0x0000000787200000, 0x0000000787300000|  0%| F|  |TAMS 0x0000000787200000, 0x0000000787200000| Untracked 
| 115|0x0000000787300000, 0x0000000787300000, 0x0000000787400000|  0%| F|  |TAMS 0x0000000787300000, 0x0000000787300000| Untracked 
| 116|0x0000000787400000, 0x0000000787400000, 0x0000000787500000|  0%| F|  |TAMS 0x0000000787400000, 0x0000000787400000| Untracked 
| 117|0x0000000787500000, 0x0000000787500000, 0x0000000787600000|  0%| F|  |TAMS 0x0000000787500000, 0x0000000787500000| Untracked 
| 118|0x0000000787600000, 0x0000000787600000, 0x0000000787700000|  0%| F|  |TAMS 0x0000000787600000, 0x0000000787600000| Untracked 
| 119|0x0000000787700000, 0x0000000787700000, 0x0000000787800000|  0%| F|  |TAMS 0x0000000787700000, 0x0000000787700000| Untracked 
| 120|0x0000000787800000, 0x0000000787800000, 0x0000000787900000|  0%| F|  |TAMS 0x0000000787800000, 0x0000000787800000| Untracked 
| 121|0x0000000787900000, 0x0000000787900000, 0x0000000787a00000|  0%| F|  |TAMS 0x0000000787900000, 0x0000000787900000| Untracked 
| 122|0x0000000787a00000, 0x0000000787a00000, 0x0000000787b00000|  0%| F|  |TAMS 0x0000000787a00000, 0x0000000787a00000| Untracked 
| 123|0x0000000787b00000, 0x0000000787b00000, 0x0000000787c00000|  0%| F|  |TAMS 0x0000000787b00000, 0x0000000787b00000| Untracked 
| 124|0x0000000787c00000, 0x0000000787c00000, 0x0000000787d00000|  0%| F|  |TAMS 0x0000000787c00000, 0x0000000787c00000| Untracked 
| 125|0x0000000787d00000, 0x0000000787d55738, 0x0000000787e00000| 33%| E|  |TAMS 0x0000000787d00000, 0x0000000787d00000| Complete 
| 126|0x0000000787e00000, 0x0000000787f00000, 0x0000000787f00000|100%| E|CS|TAMS 0x0000000787e00000, 0x0000000787e00000| Complete 
| 127|0x0000000787f00000, 0x0000000788000000, 0x0000000788000000|100%| E|CS|TAMS 0x0000000787f00000, 0x0000000787f00000| Complete 

Card table byte_map: [0x0000000110d6a000,0x000000011116a000] _byte_map_base: 0x000000010d16a000

Marking Bits (Prev, Next): (CMBitMap*) 0x00007fd9b280d410, (CMBitMap*) 0x00007fd9b280d450
 Prev Bits: [0x000000011156a000, 0x000000011356a000)
 Next Bits: [0x000000011356a000, 0x000000011556a000)

Polling page: 0x00000001099fb000

Metaspace:

Usage:
  Non-class:      5.34 MB capacity,     5.22 MB ( 98%) used,   118.23 KB (  2%) free+waste,     1.75 KB ( <1%) overhead. 
      Class:    500.00 KB capacity,   477.77 KB ( 96%) used,    21.36 KB (  4%) free+waste,   896 bytes ( <1%) overhead. 
       Both:      5.82 MB capacity,     5.69 MB ( 98%) used,   139.59 KB (  2%) free+waste,     2.62 KB ( <1%) overhead. 

Virtual space:
  Non-class space:        8.00 MB reserved,       5.50 MB ( 69%) committed 
      Class space:        1.00 GB reserved,     512.00 KB ( <1%) committed 
             Both:        1.01 GB reserved,       6.00 MB ( <1%) committed 

Chunk freelists:
   Non-Class:  56.00 KB
       Class:  12.00 KB
        Both:  68.00 KB

MaxMetaspaceSize: 17179869184.00 GB
CompressedClassSpaceSize: 1.00 GB

CodeHeap 'non-profiled nmethods': size=120032Kb used=40Kb max_used=40Kb free=119991Kb
 bounds [0x000000011f0f9000, 0x000000011f369000, 0x0000000126631000]
CodeHeap 'profiled nmethods': size=120028Kb used=231Kb max_used=231Kb free=119796Kb
 bounds [0x0000000117bc2000, 0x0000000117e32000, 0x000000011f0f9000]
CodeHeap 'non-nmethods': size=5700Kb used=1098Kb max_used=1111Kb free=4601Kb
 bounds [0x0000000117631000, 0x00000001178a1000, 0x0000000117bc2000]
 total_blobs=524 nmethods=184 adapters=254
 compilation: enabled
              stopped_count=0, restarted_count=0
 full_count=0

Compilation events (20 events):
Event: 0.354 Thread 0x00007fd9b3852a00  173       3       java.lang.String::endsWith (15 bytes)
Event: 0.354 Thread 0x00007fd9b3852a00 nmethod 173 0x0000000117bf6a10 code [0x0000000117bf6be0, 0x0000000117bf6f00]
Event: 0.354 Thread 0x00007fd9b3852a00  174   !   3       jdk.internal.loader.URLClassPath$JarLoader::getResource (65 bytes)
Event: 0.356 Thread 0x00007fd9b3852a00 nmethod 174 0x0000000117bf7090 code [0x0000000117bf72e0, 0x0000000117bf7bc0]
Event: 0.358 Thread 0x00007fd9b3852a00  176       3       java.util.ArrayList::get (15 bytes)
Event: 0.359 Thread 0x00007fd9b3852a00 nmethod 176 0x0000000117bf7f10 code [0x0000000117bf80e0, 0x0000000117bf8400]
Event: 0.359 Thread 0x00007fd9b3852a00  177       3       java.util.Objects::checkIndex (7 bytes)
Event: 0.359 Thread 0x00007fd9b3852a00 nmethod 177 0x0000000117bf8590 code [0x0000000117bf8740, 0x0000000117bf8940]
Event: 0.359 Thread 0x00007fd9b3852a00  178       3       jdk.internal.util.Preconditions::checkIndex (18 bytes)
Event: 0.359 Thread 0x00007fd9b3852a00 nmethod 178 0x0000000117bf8a90 code [0x0000000117bf8c20, 0x0000000117bf8dc0]
Event: 0.359 Thread 0x00007fd9b3852a00  179       3       java.util.ArrayList::elementData (7 bytes)
Event: 0.360 Thread 0x00007fd9b3852a00 nmethod 179 0x0000000117bf8e90 code [0x0000000117bf9020, 0x0000000117bf9150]
Event: 0.360 Thread 0x00007fd9b3852a00  175       3       java.lang.ref.Reference::<init> (25 bytes)
Event: 0.360 Thread 0x00007fd9b3852a00 nmethod 175 0x0000000117bf9210 code [0x0000000117bf93c0, 0x0000000117bf9630]
Event: 0.361 Thread 0x00007fd9b3852a00  180       3       jdk.internal.misc.Unsafe::putReferenceRelease (9 bytes)
Event: 0.361 Thread 0x00007fd9b3852a00 nmethod 180 0x0000000117bf9710 code [0x0000000117bf98a0, 0x0000000117bf99f0]
Event: 0.361 Thread 0x00007fd9b3852a00  182       3       java.util.concurrent.ConcurrentHashMap::setTabAt (20 bytes)
Event: 0.362 Thread 0x00007fd9b3852a00 nmethod 182 0x0000000117bf9a90 code [0x0000000117bf9c20, 0x0000000117bf9e40]
Event: 0.362 Thread 0x00007fd9b3852a00  184  s!   3       jdk.internal.loader.URLClassPath::getLoader (194 bytes)
Event: 0.363 Thread 0x00007fd9b3852a00 nmethod 184 0x0000000117bf9f10 code [0x0000000117bfa200, 0x0000000117bfb5a0]

GC Heap History (0 events):
No events

Deoptimization events (4 events):
Event: 0.194 Thread 0x00007fd9b280c400 Uncommon trap: trap_request=0xffffff45 fr.pc=0x000000011f0fd30c relative=0x000000000000020c
Event: 0.194 Thread 0x00007fd9b280c400 Uncommon trap: reason=unstable_if action=reinterpret pc=0x000000011f0fd30c method=java.lang.String.hashCode()I @ 42 c2
Event: 0.194 Thread 0x00007fd9b280c400 DEOPT PACKING pc=0x000000011f0fd30c sp=0x0000700008e51640
Event: 0.194 Thread 0x00007fd9b280c400 DEOPT UNPACKING pc=0x000000011767f125 sp=0x0000700008e515f8 mode 2

Classes unloaded (0 events):
No events

Classes redefined (0 events):
No events

Internal exceptions (0 events):
No events

Events (20 events):
Event: 0.320 loading class java/lang/IllegalStateException
Event: 0.320 loading class java/lang/IllegalStateException done
Event: 0.321 loading class java/security/NoSuchAlgorithmException
Event: 0.321 loading class java/security/GeneralSecurityException
Event: 0.321 loading class java/security/GeneralSecurityException done
Event: 0.321 loading class java/security/NoSuchAlgorithmException done
Event: 0.321 loading class java/lang/PublicMethods$MethodList
Event: 0.321 loading class java/lang/PublicMethods$MethodList done
Event: 0.322 loading class java/beans/PropertyChangeListener
Event: 0.322 loading class java/util/EventListener
Event: 0.322 loading class java/util/EventListener done
Event: 0.322 loading class java/beans/PropertyChangeListener done
Event: 0.326 loading class java/security/cert/X509Certificate
Event: 0.326 loading class java/security/cert/X509Extension
Event: 0.326 loading class java/security/cert/X509Extension done
Event: 0.326 loading class java/security/cert/X509Certificate done
Event: 0.360 loading class java/lang/PublicMethods$Key
Event: 0.360 loading class java/lang/PublicMethods$Key done
Event: 0.363 loading class java/lang/Class$EnclosingMethodInfo
Event: 0.363 loading class java/lang/Class$EnclosingMethodInfo done


Dynamic libraries:
0x00007fff2a77e000 	/usr/lib/libz.1.dylib
0x00000001099c5000 	/Users/mohammadalabdalla/Desktop/Eclipse.app/Contents/Eclipse/plugins/org.eclipse.justj.openjdk.hotspot.jre.full.macosx.x86_64_15.0.1.v20201027-0507/jre/lib/libjli.dylib
0x00007fff352d0000 	/System/Library/Frameworks/Cocoa.framework/Versions/A/Cocoa
0x00007fff224f5000 	/System/Library/Frameworks/Security.framework/Versions/A/Security
0x00007fff334cd000 	/System/Library/Frameworks/ApplicationServices.framework/Versions/A/ApplicationServices
0x00007fff2a846000 	/usr/lib/libSystem.B.dylib
0x00007fff2a840000 	/usr/lib/system/libcache.dylib
0x00007fff2a7fc000 	/usr/lib/system/libcommonCrypto.dylib
0x00007fff2a826000 	/usr/lib/system/libcompiler_rt.dylib
0x00007fff2a81b000 	/usr/lib/system/libcopyfile.dylib
0x00007fff203c9000 	/usr/lib/system/libcorecrypto.dylib
0x00007fff20496000 	/usr/lib/system/libdispatch.dylib
0x00007fff2064a000 	/usr/lib/system/libdyld.dylib
0x00007fff2a837000 	/usr/lib/system/libkeymgr.dylib
0x00007fff2dc7f000 	/usr/lib/system/liblaunch.dylib
0x00007fff2a7da000 	/usr/lib/system/libmacho.dylib
0x00007fff29ff4000 	/usr/lib/system/libquarantine.dylib
0x00007fff2a834000 	/usr/lib/system/libremovefile.dylib
0x00007fff24e8c000 	/usr/lib/system/libsystem_asl.dylib
0x00007fff20379000 	/usr/lib/system/libsystem_blocks.dylib
0x00007fff20517000 	/usr/lib/system/libsystem_c.dylib
0x00007fff2a82e000 	/usr/lib/system/libsystem_collections.dylib
0x00007fff292e8000 	/usr/lib/system/libsystem_configuration.dylib
0x00007fff285db000 	/usr/lib/system/libsystem_containermanager.dylib
0x00007fff2a576000 	/usr/lib/system/libsystem_coreservices.dylib
0x00007fff22aa9000 	/usr/lib/system/libsystem_darwin.dylib
0x00007fff2a838000 	/usr/lib/system/libsystem_dnssd.dylib
0x00007fff20514000 	/usr/lib/system/libsystem_featureflags.dylib
0x00007fff2068f000 	/usr/lib/system/libsystem_info.dylib
0x00007fff2a791000 	/usr/lib/system/libsystem_m.dylib
0x00007fff20469000 	/usr/lib/system/libsystem_malloc.dylib
0x00007fff24e20000 	/usr/lib/system/libsystem_networkextension.dylib
0x00007fff22ec4000 	/usr/lib/system/libsystem_notify.dylib
0x00007fff30133000 	/usr/lib/system/libsystem_product_info_filter.dylib
0x00007fff292ec000 	/usr/lib/system/libsystem_sandbox.dylib
0x00007fff2a831000 	/usr/lib/system/libsystem_secinit.dylib
0x00007fff2060f000 	/usr/lib/system/libsystem_kernel.dylib
0x00007fff20685000 	/usr/lib/system/libsystem_platform.dylib
0x00007fff2063e000 	/usr/lib/system/libsystem_pthread.dylib
0x00007fff2658b000 	/usr/lib/system/libsystem_symptoms.dylib
0x00007fff203b1000 	/usr/lib/system/libsystem_trace.dylib
0x00007fff2a808000 	/usr/lib/system/libunwind.dylib
0x00007fff2037b000 	/usr/lib/system/libxpc.dylib
0x00007fff205f6000 	/usr/lib/libc++abi.dylib
0x00007fff204db000 	/usr/lib/libobjc.A.dylib
0x00007fff2a813000 	/usr/lib/liboah.dylib
0x00007fff205a0000 	/usr/lib/libc++.1.dylib
0x00007fff206bb000 	/System/Library/Frameworks/CoreFoundation.framework/Versions/A/CoreFoundation
0x00007fff21468000 	/System/Library/Frameworks/Foundation.framework/Versions/C/Foundation
0x00007fff22f1c000 	/System/Library/Frameworks/AppKit.framework/Versions/C/AppKit
0x00007fff25db4000 	/System/Library/Frameworks/CoreData.framework/Versions/A/CoreData
0x00007fff23c7f000 	/System/Library/PrivateFrameworks/UIFoundation.framework/Versions/A/UIFoundation
0x00007fff2feac000 	/System/Library/PrivateFrameworks/RemoteViewServices.framework/Versions/A/RemoteViewServices
0x00007fff28ca5000 	/System/Library/PrivateFrameworks/XCTTargetBootstrap.framework/Versions/A/XCTTargetBootstrap
0x00007fff2b986000 	/usr/lib/libspindump.dylib
0x00007fff23ed4000 	/System/Library/Frameworks/UniformTypeIdentifiers.framework/Versions/A/UniformTypeIdentifiers
0x00007fff2747b000 	/usr/lib/libapp_launch_measurement.dylib
0x00007fff2747e000 	/System/Library/PrivateFrameworks/CoreAutoLayout.framework/Versions/A/CoreAutoLayout
0x00007fff28607000 	/System/Library/Frameworks/Metal.framework/Versions/A/Metal
0x00007fff292f7000 	/usr/lib/liblangid.dylib
0x00007fff28ca9000 	/System/Library/PrivateFrameworks/CoreSVG.framework/Versions/A/CoreSVG
0x00007fff24ebb000 	/System/Library/PrivateFrameworks/SkyLight.framework/Versions/A/SkyLight
0x00007fff25222000 	/System/Library/Frameworks/CoreGraphics.framework/Versions/A/CoreGraphics
0x00007fff30503000 	/System/Library/Frameworks/Accelerate.framework/Versions/A/Accelerate
0x00007fff2b3c1000 	/System/Library/PrivateFrameworks/IconServices.framework/Versions/A/IconServices
0x00007fff285ec000 	/System/Library/Frameworks/IOSurface.framework/Versions/A/IOSurface
0x00007fff2673d000 	/usr/lib/libDiagnosticMessagesClient.dylib
0x00007fff28c91000 	/System/Library/PrivateFrameworks/DFRFoundation.framework/Versions/A/DFRFoundation
0x00007fff22847000 	/usr/lib/libicucore.A.dylib
0x00007fff2cecd000 	/System/Library/Frameworks/AudioToolbox.framework/Versions/A/AudioToolbox
0x00007fff2c172000 	/System/Library/PrivateFrameworks/DataDetectorsCore.framework/Versions/A/DataDetectorsCore
0x00007fff28991000 	/System/Library/Frameworks/Carbon.framework/Versions/A/Frameworks/HIToolbox.framework/Versions/A/HIToolbox
0x00007fff26ed6000 	/System/Library/Frameworks/QuartzCore.framework/Versions/A/QuartzCore
0x00007fff2fee8000 	/System/Library/Frameworks/Carbon.framework/Versions/A/Frameworks/SpeechRecognition.framework/Versions/A/SpeechRecognition
0x00007fff271e3000 	/System/Library/PrivateFrameworks/CoreUI.framework/Versions/A/CoreUI
0x00007fff21e50000 	/System/Library/Frameworks/CoreAudio.framework/Versions/A/CoreAudio
0x00007fff26828000 	/System/Library/Frameworks/DiskArbitration.framework/Versions/A/DiskArbitration
0x00007fff2bd81000 	/System/Library/PrivateFrameworks/MultitouchSupport.framework/Versions/A/MultitouchSupport
0x00007fff2c169000 	/System/Library/PrivateFrameworks/InternationalSupport.framework/Versions/A/InternationalSupport
0x00007fff24e2f000 	/usr/lib/libenergytrace.dylib
0x00007fff22e15000 	/System/Library/Frameworks/IOKit.framework/Versions/A/IOKit
0x00007fff30235000 	/System/Library/Frameworks/CoreServices.framework/Versions/A/CoreServices
0x00007fff27411000 	/System/Library/PrivateFrameworks/PerformanceAnalysis.framework/Versions/A/PerformanceAnalysis
0x00007fff6cb9e000 	/System/Library/Frameworks/OpenGL.framework/Versions/A/OpenGL
0x00007fff2c1ee000 	/System/Library/PrivateFrameworks/UserActivity.framework/Versions/A/UserActivity
0x00007fff258b6000 	/System/Library/Frameworks/ColorSync.framework/Versions/A/ColorSync
0x00007fff28f0e000 	/System/Library/Frameworks/CoreImage.framework/Versions/A/CoreImage
0x00007fff21c67000 	/System/Library/Frameworks/CoreText.framework/Versions/A/CoreText
0x00007fff28cd3000 	/System/Library/Frameworks/ImageIO.framework/Versions/A/ImageIO
0x00007fff2a84c000 	/System/Library/PrivateFrameworks/SoftLinking.framework/Versions/A/SoftLinking
0x00007fff274c7000 	/usr/lib/libxml2.2.dylib
0x00007fff2aabe000 	/usr/lib/libcompression.dylib
0x00007fff24e30000 	/usr/lib/libMobileGestalt.dylib
0x00007fff2c09c000 	/System/Library/PrivateFrameworks/TextureIO.framework/Versions/A/TextureIO
0x00007fff2b0e4000 	/usr/lib/libate.dylib
0x00007fff2aec9000 	/usr/lib/liblzma.5.dylib
0x00007fff2117c000 	/System/Library/Frameworks/SystemConfiguration.framework/Versions/A/SystemConfiguration
0x00007fff2a848000 	/usr/lib/libfakelink.dylib
0x00007fff24982000 	/System/Library/Frameworks/CFNetwork.framework/Versions/A/CFNetwork
0x00007fff2a988000 	/usr/lib/libarchive.2.dylib
0x00007fff211fa000 	/usr/lib/libCRFSuite.dylib
0x00007fff2a01b000 	/usr/lib/libbsm.0.dylib
0x00007fff2433e000 	/usr/lib/libnetwork.dylib
0x00007fff2a84d000 	/usr/lib/libpcap.A.dylib
0x00007fff26584000 	/usr/lib/libdns_services.dylib
0x00007fff2aee2000 	/usr/lib/libcoretls_cfhelpers.dylib
0x00007fff2aa8c000 	/usr/lib/libapple_nghttp2.dylib
0x00007fff2a7e0000 	/usr/lib/system/libkxld.dylib
0x00007fff261ea000 	/usr/lib/libsqlite3.dylib
0x00007fff2a558000 	/System/Library/PrivateFrameworks/AppleFSCompression.framework/Versions/A/AppleFSCompression
0x00007fff2a003000 	/usr/lib/libcoretls.dylib
0x00007fff2aab9000 	/usr/lib/libpam.2.dylib
0x00007fff2afdf000 	/usr/lib/libxar.1.dylib
0x00007fff292f3000 	/System/Library/PrivateFrameworks/AppleSystemInfo.framework/Versions/A/AppleSystemInfo
0x00007fff29c46000 	/System/Library/PrivateFrameworks/IOMobileFramebuffer.framework/Versions/A/IOMobileFramebuffer
0x00007fff2a568000 	/usr/lib/libbz2.1.0.dylib
0x00007fff2a885000 	/usr/lib/libiconv.2.dylib
0x00007fff2a7d9000 	/usr/lib/libcharset.1.dylib
0x00007fff2744d000 	/System/Library/Frameworks/CoreServices.framework/Versions/A/Frameworks/FSEvents.framework/Versions/A/FSEvents
0x00007fff22ab3000 	/System/Library/Frameworks/CoreServices.framework/Versions/A/Frameworks/CarbonCore.framework/Versions/A/CarbonCore
0x00007fff2678d000 	/System/Library/Frameworks/CoreServices.framework/Versions/A/Frameworks/Metadata.framework/Versions/A/Metadata
0x00007fff2a57b000 	/System/Library/Frameworks/CoreServices.framework/Versions/A/Frameworks/OSServices.framework/Versions/A/OSServices
0x00007fff2a9fa000 	/System/Library/Frameworks/CoreServices.framework/Versions/A/Frameworks/SearchKit.framework/Versions/A/SearchKit
0x00007fff2650e000 	/System/Library/Frameworks/CoreServices.framework/Versions/A/Frameworks/AE.framework/Versions/A/AE
0x00007fff20b57000 	/System/Library/Frameworks/CoreServices.framework/Versions/A/Frameworks/LaunchServices.framework/Versions/A/LaunchServices
0x00007fff2ae7a000 	/System/Library/Frameworks/CoreServices.framework/Versions/A/Frameworks/DictionaryServices.framework/Versions/A/DictionaryServices
0x00007fff27456000 	/System/Library/Frameworks/CoreServices.framework/Versions/A/Frameworks/SharedFileList.framework/Versions/A/SharedFileList
0x00007fff29ff7000 	/usr/lib/libCheckFix.dylib
0x00007fff24ea3000 	/System/Library/PrivateFrameworks/TCC.framework/Versions/A/TCC
0x00007fff292f9000 	/System/Library/PrivateFrameworks/CoreNLP.framework/Versions/A/CoreNLP
0x00007fff26740000 	/System/Library/PrivateFrameworks/MetadataUtilities.framework/Versions/A/MetadataUtilities
0x00007fff21230000 	/usr/lib/libmecabra.dylib
0x00007fff2a30a000 	/System/Library/Frameworks/MLCompute.framework/Versions/A/MLCompute
0x00007fff2a02c000 	/usr/lib/libmecab.dylib
0x00007fff2a076000 	/usr/lib/libgermantok.dylib
0x00007fff2aa62000 	/usr/lib/libThaiTokenizer.dylib
0x00007fff2b01a000 	/usr/lib/libChineseTokenizer.dylib
0x00007fff2aab7000 	/System/Library/Frameworks/MetalPerformanceShaders.framework/Versions/A/MetalPerformanceShaders
0x00007fff2682f000 	/System/Library/Frameworks/Accelerate.framework/Versions/A/Frameworks/vImage.framework/Versions/A/vImage
0x00007fff3020e000 	/System/Library/Frameworks/Accelerate.framework/Versions/A/Frameworks/vecLib.framework/Versions/A/vecLib
0x00007fff2b025000 	/System/Library/Frameworks/Accelerate.framework/Versions/A/Frameworks/vecLib.framework/Versions/A/libvMisc.dylib
0x00007fff29a5f000 	/System/Library/Frameworks/Accelerate.framework/Versions/A/Frameworks/vecLib.framework/Versions/A/libvDSP.dylib
0x00007fff20e5b000 	/System/Library/Frameworks/Accelerate.framework/Versions/A/Frameworks/vecLib.framework/Versions/A/libBLAS.dylib
0x00007fff2aadd000 	/System/Library/Frameworks/Accelerate.framework/Versions/A/Frameworks/vecLib.framework/Versions/A/libLAPACK.dylib
0x00007fff2a07c000 	/System/Library/Frameworks/Accelerate.framework/Versions/A/Frameworks/vecLib.framework/Versions/A/libLinearAlgebra.dylib
0x00007fff2aaa4000 	/System/Library/Frameworks/Accelerate.framework/Versions/A/Frameworks/vecLib.framework/Versions/A/libSparseBLAS.dylib
0x00007fff2aad7000 	/System/Library/Frameworks/Accelerate.framework/Versions/A/Frameworks/vecLib.framework/Versions/A/libQuadrature.dylib
0x00007fff293a1000 	/System/Library/Frameworks/Accelerate.framework/Versions/A/Frameworks/vecLib.framework/Versions/A/libBNNS.dylib
0x00007fff2110d000 	/System/Library/Frameworks/Accelerate.framework/Versions/A/Frameworks/vecLib.framework/Versions/A/libSparse.dylib
0x00007fff2928c000 	/System/Library/Frameworks/MetalPerformanceShaders.framework/Versions/A/Frameworks/MPSCore.framework/Versions/A/MPSCore
0x00007fff2a4c7000 	/System/Library/Frameworks/MetalPerformanceShaders.framework/Versions/A/Frameworks/MPSImage.framework/Versions/A/MPSImage
0x00007fff2a092000 	/System/Library/Frameworks/MetalPerformanceShaders.framework/Versions/A/Frameworks/MPSNeuralNetwork.framework/Versions/A/MPSNeuralNetwork
0x00007fff2a452000 	/System/Library/Frameworks/MetalPerformanceShaders.framework/Versions/A/Frameworks/MPSMatrix.framework/Versions/A/MPSMatrix
0x00007fff2a2ba000 	/System/Library/Frameworks/MetalPerformanceShaders.framework/Versions/A/Frameworks/MPSRayIntersector.framework/Versions/A/MPSRayIntersector
0x00007fff2a489000 	/System/Library/Frameworks/MetalPerformanceShaders.framework/Versions/A/Frameworks/MPSNDArray.framework/Versions/A/MPSNDArray
0x00007fff20d87000 	/System/Library/PrivateFrameworks/MetalTools.framework/Versions/A/MetalTools
0x00007fff292f1000 	/System/Library/PrivateFrameworks/AggregateDictionary.framework/Versions/A/AggregateDictionary
0x00007fff26718000 	/System/Library/PrivateFrameworks/CoreAnalytics.framework/Versions/A/CoreAnalytics
0x00007fff2aa64000 	/System/Library/PrivateFrameworks/AppleSauce.framework/Versions/A/AppleSauce
0x00007fff285fe000 	/System/Library/PrivateFrameworks/IOAccelerator.framework/Versions/A/IOAccelerator
0x00007fff6cb92000 	/System/Library/Frameworks/OpenGL.framework/Versions/A/Libraries/libCoreFSCache.dylib
0x00007fff217cc000 	/System/Library/PrivateFrameworks/LanguageModeling.framework/Versions/A/LanguageModeling
0x00007fff29c33000 	/System/Library/PrivateFrameworks/CoreEmoji.framework/Versions/A/CoreEmoji
0x00007fff2939a000 	/System/Library/PrivateFrameworks/LinguisticData.framework/Versions/A/LinguisticData
0x00007fff210bf000 	/System/Library/PrivateFrameworks/Lexicon.framework/Versions/A/Lexicon
0x00007fff2a976000 	/usr/lib/libcmph.dylib
0x00007fff2742d000 	/System/Library/Frameworks/OpenDirectory.framework/Versions/A/Frameworks/CFOpenDirectory.framework/Versions/A/CFOpenDirectory
0x00007fff2741d000 	/System/Library/Frameworks/OpenDirectory.framework/Versions/A/OpenDirectory
0x00007fff2aee4000 	/System/Library/PrivateFrameworks/APFS.framework/Versions/A/APFS
0x00007fff29f58000 	/System/Library/Frameworks/SecurityFoundation.framework/Versions/A/SecurityFoundation
0x00007fff2afed000 	/usr/lib/libutil.dylib
0x00007fff22dda000 	/System/Library/PrivateFrameworks/CoreServicesStore.framework/Versions/A/CoreServicesStore
0x00007fff29fef000 	/System/Library/Frameworks/ServiceManagement.framework/Versions/A/ServiceManagement
0x00007fff2aff1000 	/usr/lib/libxslt.1.dylib
0x00007fff29fe5000 	/System/Library/PrivateFrameworks/BackgroundTaskManagement.framework/Versions/A/BackgroundTaskManagement
0x00007fff2bfe6000 	/System/Library/Frameworks/ImageIO.framework/Versions/A/Resources/libRadiance.dylib
0x00007fff2bff0000 	/System/Library/Frameworks/ImageIO.framework/Versions/A/Resources/libJPEG.dylib
0x00007fff2bf3b000 	/System/Library/Frameworks/ImageIO.framework/Versions/A/Resources/libPng.dylib
0x00007fff2bf62000 	/System/Library/Frameworks/ImageIO.framework/Versions/A/Resources/libTIFF.dylib
0x00007fff2c045000 	/System/Library/Frameworks/ImageIO.framework/Versions/A/Resources/libGIF.dylib
0x00007fff2bc9e000 	/System/Library/Frameworks/ImageIO.framework/Versions/A/Resources/libJP2.dylib
0x00007fff2b388000 	/usr/lib/libexpat.1.dylib
0x00007fff2bc53000 	/System/Library/PrivateFrameworks/AppleJPEG.framework/Versions/A/AppleJPEG
0x00007fff28834000 	/System/Library/PrivateFrameworks/FontServices.framework/libFontParser.dylib
0x00007fff264c2000 	/System/Library/PrivateFrameworks/RunningBoardServices.framework/Versions/A/RunningBoardServices
0x00007fff2bd7d000 	/System/Library/PrivateFrameworks/WatchdogClient.framework/Versions/A/WatchdogClient
0x00007fff218b9000 	/System/Library/Frameworks/CoreDisplay.framework/Versions/A/CoreDisplay
0x00007fff2874a000 	/System/Library/Frameworks/CoreMedia.framework/Versions/A/CoreMedia
0x00007fff275aa000 	/System/Library/Frameworks/CoreVideo.framework/Versions/A/CoreVideo
0x00007fff2bdb5000 	/System/Library/Frameworks/VideoToolbox.framework/Versions/A/VideoToolbox
0x00007fff26440000 	/System/Library/PrivateFrameworks/BaseBoard.framework/Versions/A/BaseBoard
0x00007fff2b4cd000 	/System/Library/PrivateFrameworks/PersistentConnection.framework/Versions/A/PersistentConnection
0x00007fff261d3000 	/System/Library/PrivateFrameworks/ProtocolBuffer.framework/Versions/A/ProtocolBuffer
0x00007fff26427000 	/System/Library/PrivateFrameworks/CommonUtilities.framework/Versions/A/CommonUtilities
0x00007fff2bbe8000 	/System/Library/PrivateFrameworks/Bom.framework/Versions/A/Bom
0x00007fff2bfdf000 	/System/Library/PrivateFrameworks/GPUWrangler.framework/Versions/A/GPUWrangler
0x00007fff2bfc2000 	/System/Library/PrivateFrameworks/IOPresentment.framework/Versions/A/IOPresentment
0x00007fff2bfea000 	/System/Library/PrivateFrameworks/DSExternalDisplay.framework/Versions/A/DSExternalDisplay
0x00007fff2c04a000 	/System/Library/PrivateFrameworks/CMCaptureCore.framework/Versions/A/CMCaptureCore
0x00007fff2b96d000 	/System/Library/PrivateFrameworks/AppServerSupport.framework/Versions/A/AppServerSupport
0x00007fff2da1e000 	/System/Library/PrivateFrameworks/perfdata.framework/Versions/A/perfdata
0x00007fff29f47000 	/System/Library/PrivateFrameworks/AssertionServices.framework/Versions/A/AssertionServices
0x00007fff219f0000 	/System/Library/PrivateFrameworks/AudioToolboxCore.framework/Versions/A/AudioToolboxCore
0x00007fff2872d000 	/System/Library/PrivateFrameworks/caulk.framework/Versions/A/caulk
0x00007fff3d6c9000 	/System/Library/PrivateFrameworks/SystemPolicy.framework/Versions/A/SystemPolicy
0x00007fff2b17d000 	/usr/lib/libIOReport.dylib
0x00007fff2d240000 	/usr/lib/libSMC.dylib
0x00007fff2bf08000 	/usr/lib/libAudioToolboxUtility.dylib
0x00007fff3e033000 	/usr/lib/libmis.dylib
0x00007fff6cbee000 	/System/Library/Frameworks/OpenGL.framework/Versions/A/Libraries/libGLU.dylib
0x00007fff6cbb1000 	/System/Library/Frameworks/OpenGL.framework/Versions/A/Libraries/libGFXShared.dylib
0x00007fff6cdc0000 	/System/Library/Frameworks/OpenGL.framework/Versions/A/Libraries/libGL.dylib
0x00007fff6cbba000 	/System/Library/Frameworks/OpenGL.framework/Versions/A/Libraries/libGLImage.dylib
0x00007fff6cbae000 	/System/Library/Frameworks/OpenGL.framework/Versions/A/Libraries/libCVMSPluginSupport.dylib
0x00007fff6cb99000 	/System/Library/Frameworks/OpenGL.framework/Versions/A/Libraries/libCoreVMClient.dylib
0x00007fff6e201000 	/System/Library/Frameworks/OpenCL.framework/Versions/A/OpenCL
0x00007fff2b4f7000 	/System/Library/PrivateFrameworks/GraphVisualizer.framework/Versions/A/GraphVisualizer
0x00007fff2b506000 	/System/Library/PrivateFrameworks/FaceCore.framework/Versions/A/FaceCore
0x00007fff2b922000 	/System/Library/PrivateFrameworks/OTSVG.framework/Versions/A/OTSVG
0x00007fff271a1000 	/System/Library/Frameworks/ApplicationServices.framework/Versions/A/Frameworks/ATS.framework/Versions/A/Resources/libFontRegistry.dylib
0x00007fff2b974000 	/System/Library/PrivateFrameworks/FontServices.framework/libhvf.dylib
0x00007fff2b334000 	/System/Library/PrivateFrameworks/AppleVA.framework/Versions/A/AppleVA
0x00007fff2d089000 	/System/Library/Frameworks/ApplicationServices.framework/Versions/A/Frameworks/ATS.framework/Versions/A/ATS
0x00007fff2d39b000 	/System/Library/Frameworks/ApplicationServices.framework/Versions/A/Frameworks/ColorSyncLegacy.framework/Versions/A/ColorSyncLegacy
0x00007fff259ad000 	/System/Library/Frameworks/ApplicationServices.framework/Versions/A/Frameworks/HIServices.framework/Versions/A/HIServices
0x00007fff2d380000 	/System/Library/Frameworks/ApplicationServices.framework/Versions/A/Frameworks/LangAnalysis.framework/Versions/A/LangAnalysis
0x00007fff2c054000 	/System/Library/Frameworks/ApplicationServices.framework/Versions/A/Frameworks/PrintCore.framework/Versions/A/PrintCore
0x00007fff2d3a3000 	/System/Library/Frameworks/ApplicationServices.framework/Versions/A/Frameworks/QD.framework/Versions/A/QD
0x00007fff2d079000 	/System/Library/Frameworks/ApplicationServices.framework/Versions/A/Frameworks/SpeechSynthesis.framework/Versions/A/SpeechSynthesis
0x00007fff2c015000 	/System/Library/Frameworks/ApplicationServices.framework/Versions/A/Frameworks/ATSUI.framework/Versions/A/ATSUI
0x00007fff2d320000 	/usr/lib/libcups.2.dylib
0x00007fff2d390000 	/System/Library/PrivateFrameworks/NetAuth.framework/Versions/A/NetAuth
0x00007fff2da3a000 	/System/Library/Frameworks/Kerberos.framework/Versions/A/Kerberos
0x00007fff2da4a000 	/System/Library/Frameworks/GSS.framework/Versions/A/GSS
0x00007fff2d0f5000 	/usr/lib/libresolv.9.dylib
0x00007fff2b989000 	/System/Library/PrivateFrameworks/Heimdal.framework/Versions/A/Heimdal
0x00007fff337ce000 	/System/Library/Frameworks/Kerberos.framework/Versions/A/Libraries/libHeimdalProxy.dylib
0x00007fff26593000 	/System/Library/Frameworks/Network.framework/Versions/A/Network
0x00007fff2b3a2000 	/usr/lib/libheimdal-asn1.dylib
0x00007fff2da9a000 	/System/Library/PrivateFrameworks/CommonAuth.framework/Versions/A/CommonAuth
0x00007fff275f7000 	/System/Library/PrivateFrameworks/login.framework/Versions/A/Frameworks/loginsupport.framework/Versions/A/loginsupport
0x00007fff2cffe000 	/System/Library/PrivateFrameworks/AudioSession.framework/Versions/A/AudioSession
0x00007fff2d066000 	/usr/lib/libAudioStatistics.dylib
0x00007fff2b42f000 	/System/Library/PrivateFrameworks/MediaExperience.framework/Versions/A/MediaExperience
0x00007fff2ce9b000 	/System/Library/PrivateFrameworks/AudioSession.framework/libSessionUtility.dylib
0x00007fff2da2b000 	/usr/lib/libperfcheck.dylib
0x00007fff2d3af000 	/System/Library/PrivateFrameworks/AudioResourceArbitration.framework/Versions/A/AudioResourceArbitration
0x00007fff2b3ac000 	/System/Library/PrivateFrameworks/IconFoundation.framework/Versions/A/IconFoundation
0x00007fff2fed8000 	/System/Library/PrivateFrameworks/SpeechRecognitionCore.framework/Versions/A/SpeechRecognitionCore
0x000000010c000000 	/Users/mohammadalabdalla/Desktop/Eclipse.app/Contents/Eclipse/plugins/org.eclipse.justj.openjdk.hotspot.jre.full.macosx.x86_64_15.0.1.v20201027-0507/jre/lib/server/libjvm.dylib
0x00000001099ef000 	/Users/mohammadalabdalla/Desktop/Eclipse.app/Contents/Eclipse/plugins/org.eclipse.justj.openjdk.hotspot.jre.full.macosx.x86_64_15.0.1.v20201027-0507/jre/lib/libjimage.dylib
0x0000000109a45000 	/Users/mohammadalabdalla/Desktop/Eclipse.app/Contents/Eclipse/plugins/org.eclipse.justj.openjdk.hotspot.jre.full.macosx.x86_64_15.0.1.v20201027-0507/jre/lib/libjava.dylib
0x0000000109c97000 	/Users/mohammadalabdalla/Desktop/Eclipse.app/Contents/Eclipse/plugins/org.eclipse.justj.openjdk.hotspot.jre.full.macosx.x86_64_15.0.1.v20201027-0507/jre/lib/libzip.dylib
0x0000000109cb6000 	/Users/mohammadalabdalla/Desktop/Eclipse.app/Contents/Eclipse/plugins/org.eclipse.justj.openjdk.hotspot.jre.full.macosx.x86_64_15.0.1.v20201027-0507/jre/lib/libnio.dylib
0x0000000109cca000 	/Users/mohammadalabdalla/Desktop/Eclipse.app/Contents/Eclipse/plugins/org.eclipse.justj.openjdk.hotspot.jre.full.macosx.x86_64_15.0.1.v20201027-0507/jre/lib/libnet.dylib


VM Arguments:
jvm_args: -Dfile.encoding=UTF-8 -XX:+ShowCodeDetailsInExceptionMessages 
java_command: org.apache.catalina.startup.Tomcat$1
java_class_path (initial): /Users/mohammadalabdalla/Desktop/E_Learning/schmiedelerle/ELearningProject/build/classes:/Users/mohammadalabdalla/Desktop/apache-tomcat-8.5.63/lib/tomcat-i18n-ko.jar:/Users/mohammadalabdalla/Desktop/apache-tomcat-8.5.63/lib/el-api.jar:/Users/mohammadalabdalla/Desktop/apache-tomcat-8.5.63/lib/tomcat-i18n-es.jar:/Users/mohammadalabdalla/Desktop/apache-tomcat-8.5.63/lib/tomcat-websocket.jar:/Users/mohammadalabdalla/Desktop/apache-tomcat-8.5.63/lib/jasper.jar:/Users/mohammadalabdalla/Desktop/apache-tomcat-8.5.63/lib/jasper-el.jar:/Users/mohammadalabdalla/Desktop/apache-tomcat-8.5.63/lib/tomcat-util.jar:/Users/mohammadalabdalla/Desktop/apache-tomcat-8.5.63/lib/tomcat-i18n-de.jar:/Users/mohammadalabdalla/Desktop/apache-tomcat-8.5.63/lib/catalina-storeconfig.jar:/Users/mohammadalabdalla/Desktop/apache-tomcat-8.5.63/lib/jsp-api.jar:/Users/mohammadalabdalla/Desktop/apache-tomcat-8.5.63/lib/catalina-tribes.jar:/Users/mohammadalabdalla/Desktop/apache-tomcat-8.5.63/lib/catalina.jar:/Users/mohammadalabdalla/Desktop/apache-tomcat-8.5.63/lib/tomcat-jni.jar:/Users/mohammadalabdalla/Desktop/apache-tomcat-8.5.63/lib/websocket-api.jar:/Users/mohammadalabdalla/Desktop/apache-tomcat-8.5.63/lib/tomcat-coyote.jar:/Users/mohammadalabdalla/Desktop/apache-tomcat-8.5.63/lib/catalina-ha.jar:/Users/mohammadalabdalla/Desktop/apache-tomcat-8.5.63/lib/tomcat-api.jar:/Users/mohammadalabdalla/Desktop/apache-tomcat-8.5.63/lib/annotations-api.jar:/Users/mohammadalabdalla/Desktop/apache-tomcat-8.5.63/lib/jaspic-api.jar:/Users/mohammadalabdalla/Desktop/apache-tomcat-8.5.63/lib/tomcat-i18n-zh-CN.jar:/Users/mohammadalabdalla/Desktop/apache-tomcat-8.5.63/lib/catalina-ant.jar:/Users/mohammadalabdalla/Desktop/apache-tomcat-8.5.63/lib/ecj-4.6.3.jar:/Users/mohammadalabdalla/Desktop/apache-tomcat-8.5.63/lib/servlet-api.jar:/Users/mohammadalabdalla/Desktop/apache-tomcat-8.5.63/lib/tomcat-util-scan.jar:/Users/mohammadalabdalla/Desktop/apache-tomcat-8.5.63/lib/tomcat-i18n-ja.jar:/Users
Launcher Type: SUN_STANDARD

[Global flags]
     intx CICompilerCount                          = 3                                         {product} {ergonomic}
     uint ConcGCThreads                            = 1                                         {product} {ergonomic}
     uint G1ConcRefinementThreads                  = 4                                         {product} {ergonomic}
   size_t G1HeapRegionSize                         = 1048576                                   {product} {ergonomic}
    uintx GCDrainStackTargetSize                   = 64                                        {product} {ergonomic}
   size_t InitialHeapSize                          = 134217728                                 {product} {ergonomic}
   size_t MarkStackSize                            = 4194304                                   {product} {ergonomic}
   size_t MaxHeapSize                              = 2147483648                                {product} {ergonomic}
   size_t MaxNewSize                               = 1287651328                                {product} {ergonomic}
   size_t MinHeapDeltaBytes                        = 1048576                                   {product} {ergonomic}
   size_t MinHeapSize                              = 8388608                                   {product} {ergonomic}
    uintx NonNMethodCodeHeapSize                   = 5832780                                {pd product} {ergonomic}
    uintx NonProfiledCodeHeapSize                  = 122912730                              {pd product} {ergonomic}
    uintx ProfiledCodeHeapSize                     = 122912730                              {pd product} {ergonomic}
    uintx ReservedCodeCacheSize                    = 251658240                              {pd product} {ergonomic}
     bool SegmentedCodeCache                       = true                                      {product} {ergonomic}
     bool ShowCodeDetailsInExceptionMessages       = true                                   {manageable} {command line}
   size_t SoftMaxHeapSize                          = 2147483648                             {manageable} {ergonomic}
     bool UseCompressedClassPointers               = true                                 {lp64_product} {ergonomic}
     bool UseCompressedOops                        = true                                 {lp64_product} {ergonomic}
     bool UseG1GC                                  = true                                      {product} {ergonomic}
     bool UseNUMA                                  = false                                     {product} {ergonomic}
     bool UseNUMAInterleaving                      = false                                     {product} {ergonomic}

Logging:
Log output configuration:
 #0: stdout all=warning uptime,level,tags
 #1: stderr all=off uptime,level,tags

Environment Variables:
PATH=/usr/bin:/bin:/usr/sbin:/sbin
SHELL=/bin/zsh

Signal Handlers:
SIGSEGV: [libjvm.dylib+0xa00020], sa_mask[0]=11111111011111110111111111111111, sa_flags=SA_ONSTACK|SA_RESTART|SA_SIGINFO
SIGBUS: [libjvm.dylib+0xa00020], sa_mask[0]=11111111011111110111111111111111, sa_flags=SA_RESTART|SA_SIGINFO
SIGFPE: [libjvm.dylib+0xa00020], sa_mask[0]=11111111011111110111111111111111, sa_flags=SA_RESTART|SA_SIGINFO
SIGPIPE: [libjvm.dylib+0x82b7f0], sa_mask[0]=11111111011111110111111111111111, sa_flags=SA_RESTART|SA_SIGINFO
SIGXFSZ: [libjvm.dylib+0x82b7f0], sa_mask[0]=11111111011111110111111111111111, sa_flags=SA_RESTART|SA_SIGINFO
SIGILL: [libjvm.dylib+0xa00020], sa_mask[0]=11111111011111110111111111111111, sa_flags=SA_RESTART|SA_SIGINFO
SIGUSR2: [libjvm.dylib+0x82c300], sa_mask[0]=00100000000000000000000000000000, sa_flags=SA_RESTART|SA_SIGINFO
SIGHUP: [libjvm.dylib+0x82aa00], sa_mask[0]=11111111011111110111111111111111, sa_flags=SA_RESTART|SA_SIGINFO
SIGINT: [libjvm.dylib+0x82aa00], sa_mask[0]=11111111011111110111111111111111, sa_flags=SA_RESTART|SA_SIGINFO
SIGTERM: [libjvm.dylib+0x82aa00], sa_mask[0]=11111111011111110111111111111111, sa_flags=SA_RESTART|SA_SIGINFO
SIGQUIT: [libjvm.dylib+0x82aa00], sa_mask[0]=11111111011111110111111111111111, sa_flags=SA_RESTART|SA_SIGINFO


---------------  S Y S T E M  ---------------

OS:uname: Darwin 20.3.0 Darwin Kernel Version 20.3.0: Thu Jan 21 00:07:06 PST 2021; root:xnu-7195.81.3~1/RELEASE_X86_64 x86_64
OS uptime: 8 days 8:37 hours
rlimit (soft/hard): STACK 8192k/65532k , CORE 0k/infinity , NPROC 1392/2088 , NOFILE 10240/1000000 , AS infinity/infinity , CPU infinity/infinity , DATA infinity/infinity , FSIZE infinity/infinity , MEMLOCK infinity/infinity , RSS infinity/infinity
load average: 2.92 2.82 2.99

CPU: total 4 (initial active 4) (2 cores per cpu, 2 threads per core) family 6 model 61 stepping 4 microcode 0x2f, cmov, cx8, fxsr, mmx, sse, sse2, sse3, ssse3, sse4.1, sse4.2, popcnt, vzeroupper, avx, avx2, aes, clmul, erms, 3dnowpref, lzcnt, ht, tsc, tscinvbit, bmi1, bmi2, adx, fma, clflush

Memory: 4k page, physical 8388608k(46396k free), swap 3145728k(552192k free)

vm_info: OpenJDK 64-Bit Server VM (15.0.1+9-18) for bsd-amd64 JRE (15.0.1+9-18), built on Sep 15 2020 13:39:50 by "mach5one" with clang 4.2.1 Compatible Apple LLVM 10.0.0 (clang-1000.11.45.5)

END.
